[  3%] [34m[1mGenerating C code for ROS interfaces[0m
[  6%] [34m[1mGenerating C++ code for ROS interfaces[0m
[  6%] Built target ament_cmake_python_copy_agrorob_msgs
running egg_info
writing agrorob_msgs.egg-info/PKG-INFO
writing dependency_links to agrorob_msgs.egg-info/dependency_links.txt
writing top-level names to agrorob_msgs.egg-info/top_level.txt
reading manifest file 'agrorob_msgs.egg-info/SOURCES.txt'
writing manifest file 'agrorob_msgs.egg-info/SOURCES.txt'
[  6%] Built target ament_cmake_python_build_agrorob_msgs_egg
[  6%] Built target agrorob_msgs__cpp
[  9%] [32mBuilding C object CMakeFiles/agrorob_msgs__rosidl_generator_c.dir/rosidl_generator_c/agrorob_msgs/msg/detail/robot_state__functions.c.o[0m
[ 12%] [34m[1mGenerating C++ type support for eProsima Fast-RTPS[0m
[ 16%] [34m[1mGenerating C++ type support dispatch for ROS interfaces[0m
[ 19%] [34m[1mGenerating C++ introspection for ROS interfaces[0m
[ 22%] [32m[1mLinking C shared library libagrorob_msgs__rosidl_generator_c.so[0m
[ 22%] Built target agrorob_msgs__rosidl_generator_c
[ 25%] [34m[1mGenerating C introspection for ROS interfaces[0m
[ 29%] [34m[1mGenerating C type support for eProsima Fast-RTPS[0m
[ 32%] [34m[1mGenerating C type support dispatch for ROS interfaces[0m
[ 35%] [32mBuilding CXX object CMakeFiles/agrorob_msgs__rosidl_typesupport_cpp.dir/rosidl_typesupport_cpp/agrorob_msgs/msg/robot_state__type_support.cpp.o[0m
[ 41%] [32mBuilding CXX object CMakeFiles/agrorob_msgs__rosidl_typesupport_fastrtps_cpp.dir/rosidl_typesupport_fastrtps_cpp/agrorob_msgs/msg/detail/dds_fastrtps/robot_state__type_support.cpp.o[0m
[ 41%] [32mBuilding CXX object CMakeFiles/agrorob_msgs__rosidl_typesupport_introspection_cpp.dir/rosidl_typesupport_introspection_cpp/agrorob_msgs/msg/detail/robot_state__type_support.cpp.o[0m
[ 45%] [32mBuilding CXX object CMakeFiles/agrorob_msgs__rosidl_typesupport_c.dir/rosidl_typesupport_c/agrorob_msgs/msg/robot_state__type_support.cpp.o[0m
[ 48%] [32mBuilding CXX object CMakeFiles/agrorob_msgs__rosidl_typesupport_fastrtps_c.dir/rosidl_typesupport_fastrtps_c/agrorob_msgs/msg/detail/robot_state__type_support_c.cpp.o[0m
[ 51%] [32mBuilding C object CMakeFiles/agrorob_msgs__rosidl_typesupport_introspection_c.dir/rosidl_typesupport_introspection_c/agrorob_msgs/msg/detail/robot_state__type_support.c.o[0m
[ 54%] [32m[1mLinking CXX shared library libagrorob_msgs__rosidl_typesupport_c.so[0m
[ 58%] [32m[1mLinking C shared library libagrorob_msgs__rosidl_typesupport_introspection_c.so[0m
[ 58%] Built target agrorob_msgs__rosidl_typesupport_c
[ 58%] Built target agrorob_msgs__rosidl_typesupport_introspection_c
[ 61%] [32m[1mLinking CXX shared library libagrorob_msgs__rosidl_typesupport_cpp.so[0m
[ 61%] Built target agrorob_msgs__rosidl_typesupport_cpp
[ 64%] [32m[1mLinking CXX shared library libagrorob_msgs__rosidl_typesupport_fastrtps_cpp.so[0m
[ 67%] [32m[1mLinking CXX shared library libagrorob_msgs__rosidl_typesupport_introspection_cpp.so[0m
[ 70%] [32m[1mLinking CXX shared library libagrorob_msgs__rosidl_typesupport_fastrtps_c.so[0m
[ 70%] Built target agrorob_msgs__rosidl_typesupport_introspection_cpp
[ 70%] Built target agrorob_msgs__rosidl_typesupport_fastrtps_cpp
[ 70%] Built target agrorob_msgs__rosidl_typesupport_fastrtps_c
[ 70%] Built target agrorob_msgs
[ 74%] [34m[1mGenerating Python code for ROS interfaces[0m
[ 74%] Built target agrorob_msgs__py
[ 77%] [32mBuilding C object CMakeFiles/agrorob_msgs__rosidl_generator_py.dir/rosidl_generator_py/agrorob_msgs/msg/_robot_state_s.c.o[0m
[ 80%] [32m[1mLinking C shared library rosidl_generator_py/agrorob_msgs/libagrorob_msgs__rosidl_generator_py.so[0m
[ 80%] Built target agrorob_msgs__rosidl_generator_py
[ 83%] [32mBuilding C object CMakeFiles/agrorob_msgs__rosidl_typesupport_c__pyext.dir/rosidl_generator_py/agrorob_msgs/_agrorob_msgs_s.ep.rosidl_typesupport_c.c.o[0m
[ 87%] [32mBuilding C object CMakeFiles/agrorob_msgs__rosidl_typesupport_fastrtps_c__pyext.dir/rosidl_generator_py/agrorob_msgs/_agrorob_msgs_s.ep.rosidl_typesupport_fastrtps_c.c.o[0m
[ 90%] [32mBuilding C object CMakeFiles/agrorob_msgs__rosidl_typesupport_introspection_c__pyext.dir/rosidl_generator_py/agrorob_msgs/_agrorob_msgs_s.ep.rosidl_typesupport_introspection_c.c.o[0m
[100%] [32m[1mLinking C shared library rosidl_generator_py/agrorob_msgs/agrorob_msgs_s__rosidl_typesupport_c.cpython-310-x86_64-linux-gnu.so[0m
[100%] [32m[1mLinking C shared library rosidl_generator_py/agrorob_msgs/agrorob_msgs_s__rosidl_typesupport_introspection_c.cpython-310-x86_64-linux-gnu.so[0m
[100%] [32m[1mLinking C shared library rosidl_generator_py/agrorob_msgs/agrorob_msgs_s__rosidl_typesupport_fastrtps_c.cpython-310-x86_64-linux-gnu.so[0m
[100%] Built target agrorob_msgs__rosidl_typesupport_c__pyext
[100%] Built target agrorob_msgs__rosidl_typesupport_introspection_c__pyext
[100%] Built target agrorob_msgs__rosidl_typesupport_fastrtps_c__pyext
-- Install configuration: ""
-- Installing: /home/iman/agriverse/IsaacROS/ros_msgs/install/agrorob_msgs/share/ament_index/resource_index/rosidl_interfaces/agrorob_msgs
-- Installing: /home/iman/agriverse/IsaacROS/ros_msgs/install/agrorob_msgs/include/agrorob_msgs/agrorob_msgs
-- Installing: /home/iman/agriverse/IsaacROS/ros_msgs/install/agrorob_msgs/include/agrorob_msgs/agrorob_msgs/msg
-- Installing: /home/iman/agriverse/IsaacROS/ros_msgs/install/agrorob_msgs/include/agrorob_msgs/agrorob_msgs/msg/detail
-- Installing: /home/iman/agriverse/IsaacROS/ros_msgs/install/agrorob_msgs/include/agrorob_msgs/agrorob_msgs/msg/detail/robot_state__functions.h
-- Installing: /home/iman/agriverse/IsaacROS/ros_msgs/install/agrorob_msgs/include/agrorob_msgs/agrorob_msgs/msg/detail/robot_state__functions.c
-- Installing: /home/iman/agriverse/IsaacROS/ros_msgs/install/agrorob_msgs/include/agrorob_msgs/agrorob_msgs/msg/detail/robot_state__type_support.h
-- Installing: /home/iman/agriverse/IsaacROS/ros_msgs/install/agrorob_msgs/include/agrorob_msgs/agrorob_msgs/msg/detail/robot_state__struct.h
-- Installing: /home/iman/agriverse/IsaacROS/ros_msgs/install/agrorob_msgs/include/agrorob_msgs/agrorob_msgs/msg/rosidl_generator_c__visibility_control.h
-- Installing: /home/iman/agriverse/IsaacROS/ros_msgs/install/agrorob_msgs/include/agrorob_msgs/agrorob_msgs/msg/robot_state.h
-- Installing: /home/iman/agriverse/IsaacROS/ros_msgs/install/agrorob_msgs/share/agrorob_msgs/environment/library_path.sh
-- Installing: /home/iman/agriverse/IsaacROS/ros_msgs/install/agrorob_msgs/share/agrorob_msgs/environment/library_path.dsv
-- Installing: /home/iman/agriverse/IsaacROS/ros_msgs/install/agrorob_msgs/lib/libagrorob_msgs__rosidl_generator_c.so
-- Set runtime path of "/home/iman/agriverse/IsaacROS/ros_msgs/install/agrorob_msgs/lib/libagrorob_msgs__rosidl_generator_c.so" to ""
-- Up-to-date: /home/iman/agriverse/IsaacROS/ros_msgs/install/agrorob_msgs/include/agrorob_msgs/agrorob_msgs
-- Up-to-date: /home/iman/agriverse/IsaacROS/ros_msgs/install/agrorob_msgs/include/agrorob_msgs/agrorob_msgs/msg
-- Up-to-date: /home/iman/agriverse/IsaacROS/ros_msgs/install/agrorob_msgs/include/agrorob_msgs/agrorob_msgs/msg/detail
-- Installing: /home/iman/agriverse/IsaacROS/ros_msgs/install/agrorob_msgs/include/agrorob_msgs/agrorob_msgs/msg/detail/robot_state__rosidl_typesupport_fastrtps_c.h
-- Installing: /home/iman/agriverse/IsaacROS/ros_msgs/install/agrorob_msgs/include/agrorob_msgs/agrorob_msgs/msg/rosidl_typesupport_fastrtps_c__visibility_control.h
-- Installing: /home/iman/agriverse/IsaacROS/ros_msgs/install/agrorob_msgs/lib/libagrorob_msgs__rosidl_typesupport_fastrtps_c.so
-- Set runtime path of "/home/iman/agriverse/IsaacROS/ros_msgs/install/agrorob_msgs/lib/libagrorob_msgs__rosidl_typesupport_fastrtps_c.so" to ""
-- Up-to-date: /home/iman/agriverse/IsaacROS/ros_msgs/install/agrorob_msgs/include/agrorob_msgs/agrorob_msgs
-- Up-to-date: /home/iman/agriverse/IsaacROS/ros_msgs/install/agrorob_msgs/include/agrorob_msgs/agrorob_msgs/msg
-- Up-to-date: /home/iman/agriverse/IsaacROS/ros_msgs/install/agrorob_msgs/include/agrorob_msgs/agrorob_msgs/msg/detail
-- Installing: /home/iman/agriverse/IsaacROS/ros_msgs/install/agrorob_msgs/include/agrorob_msgs/agrorob_msgs/msg/detail/robot_state__traits.hpp
-- Installing: /home/iman/agriverse/IsaacROS/ros_msgs/install/agrorob_msgs/include/agrorob_msgs/agrorob_msgs/msg/detail/robot_state__type_support.hpp
-- Installing: /home/iman/agriverse/IsaacROS/ros_msgs/install/agrorob_msgs/include/agrorob_msgs/agrorob_msgs/msg/detail/robot_state__struct.hpp
-- Installing: /home/iman/agriverse/IsaacROS/ros_msgs/install/agrorob_msgs/include/agrorob_msgs/agrorob_msgs/msg/detail/robot_state__builder.hpp
-- Installing: /home/iman/agriverse/IsaacROS/ros_msgs/install/agrorob_msgs/include/agrorob_msgs/agrorob_msgs/msg/robot_state.hpp
-- Installing: /home/iman/agriverse/IsaacROS/ros_msgs/install/agrorob_msgs/include/agrorob_msgs/agrorob_msgs/msg/rosidl_generator_cpp__visibility_control.hpp
-- Up-to-date: /home/iman/agriverse/IsaacROS/ros_msgs/install/agrorob_msgs/include/agrorob_msgs/agrorob_msgs
-- Up-to-date: /home/iman/agriverse/IsaacROS/ros_msgs/install/agrorob_msgs/include/agrorob_msgs/agrorob_msgs/msg
-- Up-to-date: /home/iman/agriverse/IsaacROS/ros_msgs/install/agrorob_msgs/include/agrorob_msgs/agrorob_msgs/msg/detail
-- Installing: /home/iman/agriverse/IsaacROS/ros_msgs/install/agrorob_msgs/include/agrorob_msgs/agrorob_msgs/msg/detail/dds_fastrtps
-- Installing: /home/iman/agriverse/IsaacROS/ros_msgs/install/agrorob_msgs/include/agrorob_msgs/agrorob_msgs/msg/detail/robot_state__rosidl_typesupport_fastrtps_cpp.hpp
-- Installing: /home/iman/agriverse/IsaacROS/ros_msgs/install/agrorob_msgs/include/agrorob_msgs/agrorob_msgs/msg/rosidl_typesupport_fastrtps_cpp__visibility_control.h
-- Installing: /home/iman/agriverse/IsaacROS/ros_msgs/install/agrorob_msgs/lib/libagrorob_msgs__rosidl_typesupport_fastrtps_cpp.so
-- Set runtime path of "/home/iman/agriverse/IsaacROS/ros_msgs/install/agrorob_msgs/lib/libagrorob_msgs__rosidl_typesupport_fastrtps_cpp.so" to ""
-- Up-to-date: /home/iman/agriverse/IsaacROS/ros_msgs/install/agrorob_msgs/include/agrorob_msgs/agrorob_msgs
-- Up-to-date: /home/iman/agriverse/IsaacROS/ros_msgs/install/agrorob_msgs/include/agrorob_msgs/agrorob_msgs/msg
-- Up-to-date: /home/iman/agriverse/IsaacROS/ros_msgs/install/agrorob_msgs/include/agrorob_msgs/agrorob_msgs/msg/detail
-- Installing: /home/iman/agriverse/IsaacROS/ros_msgs/install/agrorob_msgs/include/agrorob_msgs/agrorob_msgs/msg/detail/robot_state__rosidl_typesupport_introspection_c.h
-- Installing: /home/iman/agriverse/IsaacROS/ros_msgs/install/agrorob_msgs/include/agrorob_msgs/agrorob_msgs/msg/detail/robot_state__type_support.c
-- Installing: /home/iman/agriverse/IsaacROS/ros_msgs/install/agrorob_msgs/include/agrorob_msgs/agrorob_msgs/msg/rosidl_typesupport_introspection_c__visibility_control.h
-- Installing: /home/iman/agriverse/IsaacROS/ros_msgs/install/agrorob_msgs/lib/libagrorob_msgs__rosidl_typesupport_introspection_c.so
-- Set runtime path of "/home/iman/agriverse/IsaacROS/ros_msgs/install/agrorob_msgs/lib/libagrorob_msgs__rosidl_typesupport_introspection_c.so" to ""
-- Installing: /home/iman/agriverse/IsaacROS/ros_msgs/install/agrorob_msgs/lib/libagrorob_msgs__rosidl_typesupport_c.so
-- Set runtime path of "/home/iman/agriverse/IsaacROS/ros_msgs/install/agrorob_msgs/lib/libagrorob_msgs__rosidl_typesupport_c.so" to ""
-- Up-to-date: /home/iman/agriverse/IsaacROS/ros_msgs/install/agrorob_msgs/include/agrorob_msgs/agrorob_msgs
-- Up-to-date: /home/iman/agriverse/IsaacROS/ros_msgs/install/agrorob_msgs/include/agrorob_msgs/agrorob_msgs/msg
-- Up-to-date: /home/iman/agriverse/IsaacROS/ros_msgs/install/agrorob_msgs/include/agrorob_msgs/agrorob_msgs/msg/detail
-- Installing: /home/iman/agriverse/IsaacROS/ros_msgs/install/agrorob_msgs/include/agrorob_msgs/agrorob_msgs/msg/detail/robot_state__type_support.cpp
-- Installing: /home/iman/agriverse/IsaacROS/ros_msgs/install/agrorob_msgs/include/agrorob_msgs/agrorob_msgs/msg/detail/robot_state__rosidl_typesupport_introspection_cpp.hpp
-- Installing: /home/iman/agriverse/IsaacROS/ros_msgs/install/agrorob_msgs/lib/libagrorob_msgs__rosidl_typesupport_introspection_cpp.so
-- Set runtime path of "/home/iman/agriverse/IsaacROS/ros_msgs/install/agrorob_msgs/lib/libagrorob_msgs__rosidl_typesupport_introspection_cpp.so" to ""
-- Installing: /home/iman/agriverse/IsaacROS/ros_msgs/install/agrorob_msgs/lib/libagrorob_msgs__rosidl_typesupport_cpp.so
-- Set runtime path of "/home/iman/agriverse/IsaacROS/ros_msgs/install/agrorob_msgs/lib/libagrorob_msgs__rosidl_typesupport_cpp.so" to ""
-- Installing: /home/iman/agriverse/IsaacROS/ros_msgs/install/agrorob_msgs/share/agrorob_msgs/environment/pythonpath.sh
-- Installing: /home/iman/agriverse/IsaacROS/ros_msgs/install/agrorob_msgs/share/agrorob_msgs/environment/pythonpath.dsv
-- Installing: /home/iman/agriverse/IsaacROS/ros_msgs/install/agrorob_msgs/lib/python3.10/site-packages/agrorob_msgs-0.0.0-py3.10.egg-info
-- Installing: /home/iman/agriverse/IsaacROS/ros_msgs/install/agrorob_msgs/lib/python3.10/site-packages/agrorob_msgs-0.0.0-py3.10.egg-info/PKG-INFO
-- Installing: /home/iman/agriverse/IsaacROS/ros_msgs/install/agrorob_msgs/lib/python3.10/site-packages/agrorob_msgs-0.0.0-py3.10.egg-info/dependency_links.txt
-- Installing: /home/iman/agriverse/IsaacROS/ros_msgs/install/agrorob_msgs/lib/python3.10/site-packages/agrorob_msgs-0.0.0-py3.10.egg-info/top_level.txt
-- Installing: /home/iman/agriverse/IsaacROS/ros_msgs/install/agrorob_msgs/lib/python3.10/site-packages/agrorob_msgs-0.0.0-py3.10.egg-info/SOURCES.txt
-- Installing: /home/iman/agriverse/IsaacROS/ros_msgs/install/agrorob_msgs/lib/python3.10/site-packages/agrorob_msgs
-- Installing: /home/iman/agriverse/IsaacROS/ros_msgs/install/agrorob_msgs/lib/python3.10/site-packages/agrorob_msgs/_agrorob_msgs_s.ep.rosidl_typesupport_introspection_c.c
-- Installing: /home/iman/agriverse/IsaacROS/ros_msgs/install/agrorob_msgs/lib/python3.10/site-packages/agrorob_msgs/agrorob_msgs_s__rosidl_typesupport_introspection_c.cpython-310-x86_64-linux-gnu.so
-- Installing: /home/iman/agriverse/IsaacROS/ros_msgs/install/agrorob_msgs/lib/python3.10/site-packages/agrorob_msgs/libagrorob_msgs__rosidl_generator_py.so
-- Installing: /home/iman/agriverse/IsaacROS/ros_msgs/install/agrorob_msgs/lib/python3.10/site-packages/agrorob_msgs/_agrorob_msgs_s.ep.rosidl_typesupport_fastrtps_c.c
-- Installing: /home/iman/agriverse/IsaacROS/ros_msgs/install/agrorob_msgs/lib/python3.10/site-packages/agrorob_msgs/msg
-- Installing: /home/iman/agriverse/IsaacROS/ros_msgs/install/agrorob_msgs/lib/python3.10/site-packages/agrorob_msgs/msg/_robot_state.py
-- Installing: /home/iman/agriverse/IsaacROS/ros_msgs/install/agrorob_msgs/lib/python3.10/site-packages/agrorob_msgs/msg/_robot_state_s.c
-- Installing: /home/iman/agriverse/IsaacROS/ros_msgs/install/agrorob_msgs/lib/python3.10/site-packages/agrorob_msgs/msg/__init__.py
-- Installing: /home/iman/agriverse/IsaacROS/ros_msgs/install/agrorob_msgs/lib/python3.10/site-packages/agrorob_msgs/_agrorob_msgs_s.ep.rosidl_typesupport_c.c
-- Installing: /home/iman/agriverse/IsaacROS/ros_msgs/install/agrorob_msgs/lib/python3.10/site-packages/agrorob_msgs/agrorob_msgs_s__rosidl_typesupport_fastrtps_c.cpython-310-x86_64-linux-gnu.so
-- Installing: /home/iman/agriverse/IsaacROS/ros_msgs/install/agrorob_msgs/lib/python3.10/site-packages/agrorob_msgs/agrorob_msgs_s__rosidl_typesupport_c.cpython-310-x86_64-linux-gnu.so
-- Installing: /home/iman/agriverse/IsaacROS/ros_msgs/install/agrorob_msgs/lib/python3.10/site-packages/agrorob_msgs/__init__.py
Listing '/home/iman/agriverse/IsaacROS/ros_msgs/install/agrorob_msgs/lib/python3.10/site-packages/agrorob_msgs'...
Compiling '/home/iman/agriverse/IsaacROS/ros_msgs/install/agrorob_msgs/lib/python3.10/site-packages/agrorob_msgs/__init__.py'...
Listing '/home/iman/agriverse/IsaacROS/ros_msgs/install/agrorob_msgs/lib/python3.10/site-packages/agrorob_msgs/msg'...
Compiling '/home/iman/agriverse/IsaacROS/ros_msgs/install/agrorob_msgs/lib/python3.10/site-packages/agrorob_msgs/msg/__init__.py'...
Compiling '/home/iman/agriverse/IsaacROS/ros_msgs/install/agrorob_msgs/lib/python3.10/site-packages/agrorob_msgs/msg/_robot_state.py'...
-- Installing: /home/iman/agriverse/IsaacROS/ros_msgs/install/agrorob_msgs/lib/python3.10/site-packages/agrorob_msgs/agrorob_msgs_s__rosidl_typesupport_fastrtps_c.cpython-310-x86_64-linux-gnu.so
-- Set runtime path of "/home/iman/agriverse/IsaacROS/ros_msgs/install/agrorob_msgs/lib/python3.10/site-packages/agrorob_msgs/agrorob_msgs_s__rosidl_typesupport_fastrtps_c.cpython-310-x86_64-linux-gnu.so" to ""
-- Installing: /home/iman/agriverse/IsaacROS/ros_msgs/install/agrorob_msgs/lib/python3.10/site-packages/agrorob_msgs/agrorob_msgs_s__rosidl_typesupport_introspection_c.cpython-310-x86_64-linux-gnu.so
-- Set runtime path of "/home/iman/agriverse/IsaacROS/ros_msgs/install/agrorob_msgs/lib/python3.10/site-packages/agrorob_msgs/agrorob_msgs_s__rosidl_typesupport_introspection_c.cpython-310-x86_64-linux-gnu.so" to ""
-- Installing: /home/iman/agriverse/IsaacROS/ros_msgs/install/agrorob_msgs/lib/python3.10/site-packages/agrorob_msgs/agrorob_msgs_s__rosidl_typesupport_c.cpython-310-x86_64-linux-gnu.so
-- Set runtime path of "/home/iman/agriverse/IsaacROS/ros_msgs/install/agrorob_msgs/lib/python3.10/site-packages/agrorob_msgs/agrorob_msgs_s__rosidl_typesupport_c.cpython-310-x86_64-linux-gnu.so" to ""
-- Installing: /home/iman/agriverse/IsaacROS/ros_msgs/install/agrorob_msgs/lib/libagrorob_msgs__rosidl_generator_py.so
-- Set runtime path of "/home/iman/agriverse/IsaacROS/ros_msgs/install/agrorob_msgs/lib/libagrorob_msgs__rosidl_generator_py.so" to ""
-- Installing: /home/iman/agriverse/IsaacROS/ros_msgs/install/agrorob_msgs/share/agrorob_msgs/msg/RobotState.idl
-- Installing: /home/iman/agriverse/IsaacROS/ros_msgs/install/agrorob_msgs/share/agrorob_msgs/msg/RobotState.msg
-- Installing: /home/iman/agriverse/IsaacROS/ros_msgs/install/agrorob_msgs/share/ament_index/resource_index/package_run_dependencies/agrorob_msgs
-- Installing: /home/iman/agriverse/IsaacROS/ros_msgs/install/agrorob_msgs/share/ament_index/resource_index/parent_prefix_path/agrorob_msgs
-- Installing: /home/iman/agriverse/IsaacROS/ros_msgs/install/agrorob_msgs/share/agrorob_msgs/environment/ament_prefix_path.sh
-- Installing: /home/iman/agriverse/IsaacROS/ros_msgs/install/agrorob_msgs/share/agrorob_msgs/environment/ament_prefix_path.dsv
-- Installing: /home/iman/agriverse/IsaacROS/ros_msgs/install/agrorob_msgs/share/agrorob_msgs/environment/path.sh
-- Installing: /home/iman/agriverse/IsaacROS/ros_msgs/install/agrorob_msgs/share/agrorob_msgs/environment/path.dsv
-- Installing: /home/iman/agriverse/IsaacROS/ros_msgs/install/agrorob_msgs/share/agrorob_msgs/local_setup.bash
-- Installing: /home/iman/agriverse/IsaacROS/ros_msgs/install/agrorob_msgs/share/agrorob_msgs/local_setup.sh
-- Installing: /home/iman/agriverse/IsaacROS/ros_msgs/install/agrorob_msgs/share/agrorob_msgs/local_setup.zsh
-- Installing: /home/iman/agriverse/IsaacROS/ros_msgs/install/agrorob_msgs/share/agrorob_msgs/local_setup.dsv
-- Up-to-date: /home/iman/agriverse/IsaacROS/ros_msgs/install/agrorob_msgs/share/agrorob_msgs/package.dsv
-- Installing: /home/iman/agriverse/IsaacROS/ros_msgs/install/agrorob_msgs/share/ament_index/resource_index/packages/agrorob_msgs
-- Installing: /home/iman/agriverse/IsaacROS/ros_msgs/install/agrorob_msgs/share/agrorob_msgs/cmake/export_agrorob_msgs__rosidl_generator_cExport.cmake
-- Installing: /home/iman/agriverse/IsaacROS/ros_msgs/install/agrorob_msgs/share/agrorob_msgs/cmake/export_agrorob_msgs__rosidl_generator_cExport-noconfig.cmake
-- Installing: /home/iman/agriverse/IsaacROS/ros_msgs/install/agrorob_msgs/share/agrorob_msgs/cmake/export_agrorob_msgs__rosidl_typesupport_fastrtps_cExport.cmake
-- Installing: /home/iman/agriverse/IsaacROS/ros_msgs/install/agrorob_msgs/share/agrorob_msgs/cmake/export_agrorob_msgs__rosidl_typesupport_fastrtps_cExport-noconfig.cmake
-- Installing: /home/iman/agriverse/IsaacROS/ros_msgs/install/agrorob_msgs/share/agrorob_msgs/cmake/export_agrorob_msgs__rosidl_generator_cppExport.cmake
-- Installing: /home/iman/agriverse/IsaacROS/ros_msgs/install/agrorob_msgs/share/agrorob_msgs/cmake/export_agrorob_msgs__rosidl_typesupport_fastrtps_cppExport.cmake
-- Installing: /home/iman/agriverse/IsaacROS/ros_msgs/install/agrorob_msgs/share/agrorob_msgs/cmake/export_agrorob_msgs__rosidl_typesupport_fastrtps_cppExport-noconfig.cmake
-- Installing: /home/iman/agriverse/IsaacROS/ros_msgs/install/agrorob_msgs/share/agrorob_msgs/cmake/agrorob_msgs__rosidl_typesupport_introspection_cExport.cmake
-- Installing: /home/iman/agriverse/IsaacROS/ros_msgs/install/agrorob_msgs/share/agrorob_msgs/cmake/agrorob_msgs__rosidl_typesupport_introspection_cExport-noconfig.cmake
-- Installing: /home/iman/agriverse/IsaacROS/ros_msgs/install/agrorob_msgs/share/agrorob_msgs/cmake/agrorob_msgs__rosidl_typesupport_cExport.cmake
-- Installing: /home/iman/agriverse/IsaacROS/ros_msgs/install/agrorob_msgs/share/agrorob_msgs/cmake/agrorob_msgs__rosidl_typesupport_cExport-noconfig.cmake
-- Installing: /home/iman/agriverse/IsaacROS/ros_msgs/install/agrorob_msgs/share/agrorob_msgs/cmake/agrorob_msgs__rosidl_typesupport_introspection_cppExport.cmake
-- Installing: /home/iman/agriverse/IsaacROS/ros_msgs/install/agrorob_msgs/share/agrorob_msgs/cmake/agrorob_msgs__rosidl_typesupport_introspection_cppExport-noconfig.cmake
-- Installing: /home/iman/agriverse/IsaacROS/ros_msgs/install/agrorob_msgs/share/agrorob_msgs/cmake/agrorob_msgs__rosidl_typesupport_cppExport.cmake
-- Installing: /home/iman/agriverse/IsaacROS/ros_msgs/install/agrorob_msgs/share/agrorob_msgs/cmake/agrorob_msgs__rosidl_typesupport_cppExport-noconfig.cmake
-- Installing: /home/iman/agriverse/IsaacROS/ros_msgs/install/agrorob_msgs/share/agrorob_msgs/cmake/export_agrorob_msgs__rosidl_generator_pyExport.cmake
-- Installing: /home/iman/agriverse/IsaacROS/ros_msgs/install/agrorob_msgs/share/agrorob_msgs/cmake/export_agrorob_msgs__rosidl_generator_pyExport-noconfig.cmake
-- Installing: /home/iman/agriverse/IsaacROS/ros_msgs/install/agrorob_msgs/share/agrorob_msgs/cmake/rosidl_cmake-extras.cmake
-- Installing: /home/iman/agriverse/IsaacROS/ros_msgs/install/agrorob_msgs/share/agrorob_msgs/cmake/ament_cmake_export_dependencies-extras.cmake
-- Installing: /home/iman/agriverse/IsaacROS/ros_msgs/install/agrorob_msgs/share/agrorob_msgs/cmake/ament_cmake_export_include_directories-extras.cmake
-- Installing: /home/iman/agriverse/IsaacROS/ros_msgs/install/agrorob_msgs/share/agrorob_msgs/cmake/ament_cmake_export_libraries-extras.cmake
-- Installing: /home/iman/agriverse/IsaacROS/ros_msgs/install/agrorob_msgs/share/agrorob_msgs/cmake/ament_cmake_export_targets-extras.cmake
-- Installing: /home/iman/agriverse/IsaacROS/ros_msgs/install/agrorob_msgs/share/agrorob_msgs/cmake/rosidl_cmake_export_typesupport_targets-extras.cmake
-- Installing: /home/iman/agriverse/IsaacROS/ros_msgs/install/agrorob_msgs/share/agrorob_msgs/cmake/rosidl_cmake_export_typesupport_libraries-extras.cmake
-- Installing: /home/iman/agriverse/IsaacROS/ros_msgs/install/agrorob_msgs/share/agrorob_msgs/cmake/agrorob_msgsConfig.cmake
-- Installing: /home/iman/agriverse/IsaacROS/ros_msgs/install/agrorob_msgs/share/agrorob_msgs/cmake/agrorob_msgsConfig-version.cmake
-- Installing: /home/iman/agriverse/IsaacROS/ros_msgs/install/agrorob_msgs/share/agrorob_msgs/package.xml
