[0.006s] Invoking command in '/home/iman/agriverse/IsaacROS/ros_msgs/build/agrorob_msgs': CMAKE_PREFIX_PATH=/opt/ros/humble CONDA_PROMPT_MODIFIER=(env_isaaclab) /usr/bin/cmake --build /home/iman/agriverse/IsaacROS/ros_msgs/build/agrorob_msgs -- -j32 -l32
[0.040s] [  3%] [34m[1mGenerating C code for ROS interfaces[0m
[0.050s] [  6%] [34m[1mGenerating C++ code for ROS interfaces[0m
[0.057s] [  6%] Built target ament_cmake_python_copy_agrorob_msgs
[0.155s] running egg_info
[0.162s] writing agrorob_msgs.egg-info/PKG-INFO
[0.162s] writing dependency_links to agrorob_msgs.egg-info/dependency_links.txt
[0.162s] writing top-level names to agrorob_msgs.egg-info/top_level.txt
[0.179s] reading manifest file 'agrorob_msgs.egg-info/SOURCES.txt'
[0.179s] writing manifest file 'agrorob_msgs.egg-info/SOURCES.txt'
[0.197s] [  6%] Built target ament_cmake_python_build_agrorob_msgs_egg
[0.214s] [  6%] Built target agrorob_msgs__cpp
[0.218s] [  9%] [32mBuilding C object CMakeFiles/agrorob_msgs__rosidl_generator_c.dir/rosidl_generator_c/agrorob_msgs/msg/detail/robot_state__functions.c.o[0m
[0.220s] [ 12%] [34m[1mGenerating C++ type support for eProsima Fast-RTPS[0m
[0.221s] [ 16%] [34m[1mGenerating C++ type support dispatch for ROS interfaces[0m
[0.221s] [ 19%] [34m[1mGenerating C++ introspection for ROS interfaces[0m
[0.256s] [ 22%] [32m[1mLinking C shared library libagrorob_msgs__rosidl_generator_c.so[0m
[0.279s] [ 22%] Built target agrorob_msgs__rosidl_generator_c
[0.286s] [ 25%] [34m[1mGenerating C introspection for ROS interfaces[0m
[0.287s] [ 29%] [34m[1mGenerating C type support for eProsima Fast-RTPS[0m
[0.287s] [ 32%] [34m[1mGenerating C type support dispatch for ROS interfaces[0m
[0.375s] [ 35%] [32mBuilding CXX object CMakeFiles/agrorob_msgs__rosidl_typesupport_cpp.dir/rosidl_typesupport_cpp/agrorob_msgs/msg/robot_state__type_support.cpp.o[0m
[0.386s] [ 41%] [32mBuilding CXX object CMakeFiles/agrorob_msgs__rosidl_typesupport_fastrtps_cpp.dir/rosidl_typesupport_fastrtps_cpp/agrorob_msgs/msg/detail/dds_fastrtps/robot_state__type_support.cpp.o[0m
[0.387s] [ 41%] [32mBuilding CXX object CMakeFiles/agrorob_msgs__rosidl_typesupport_introspection_cpp.dir/rosidl_typesupport_introspection_cpp/agrorob_msgs/msg/detail/robot_state__type_support.cpp.o[0m
[0.444s] [ 45%] [32mBuilding CXX object CMakeFiles/agrorob_msgs__rosidl_typesupport_c.dir/rosidl_typesupport_c/agrorob_msgs/msg/robot_state__type_support.cpp.o[0m
[0.453s] [ 48%] [32mBuilding CXX object CMakeFiles/agrorob_msgs__rosidl_typesupport_fastrtps_c.dir/rosidl_typesupport_fastrtps_c/agrorob_msgs/msg/detail/robot_state__type_support_c.cpp.o[0m
[0.454s] [ 51%] [32mBuilding C object CMakeFiles/agrorob_msgs__rosidl_typesupport_introspection_c.dir/rosidl_typesupport_introspection_c/agrorob_msgs/msg/detail/robot_state__type_support.c.o[0m
[0.466s] [ 54%] [32m[1mLinking CXX shared library libagrorob_msgs__rosidl_typesupport_c.so[0m
[0.475s] [ 58%] [32m[1mLinking C shared library libagrorob_msgs__rosidl_typesupport_introspection_c.so[0m
[0.494s] [ 58%] Built target agrorob_msgs__rosidl_typesupport_c
[0.500s] [ 58%] Built target agrorob_msgs__rosidl_typesupport_introspection_c
[0.516s] [ 61%] [32m[1mLinking CXX shared library libagrorob_msgs__rosidl_typesupport_cpp.so[0m
[0.548s] [ 61%] Built target agrorob_msgs__rosidl_typesupport_cpp
[0.575s] [ 64%] [32m[1mLinking CXX shared library libagrorob_msgs__rosidl_typesupport_fastrtps_cpp.so[0m
[0.577s] [ 67%] [32m[1mLinking CXX shared library libagrorob_msgs__rosidl_typesupport_introspection_cpp.so[0m
[0.602s] [ 70%] [32m[1mLinking CXX shared library libagrorob_msgs__rosidl_typesupport_fastrtps_c.so[0m
[0.602s] [ 70%] Built target agrorob_msgs__rosidl_typesupport_introspection_cpp
[0.617s] [ 70%] Built target agrorob_msgs__rosidl_typesupport_fastrtps_cpp
[0.649s] [ 70%] Built target agrorob_msgs__rosidl_typesupport_fastrtps_c
[0.666s] [ 70%] Built target agrorob_msgs
[0.700s] [ 74%] [34m[1mGenerating Python code for ROS interfaces[0m
[0.952s] [ 74%] Built target agrorob_msgs__py
[0.972s] [ 77%] [32mBuilding C object CMakeFiles/agrorob_msgs__rosidl_generator_py.dir/rosidl_generator_py/agrorob_msgs/msg/_robot_state_s.c.o[0m
[1.063s] [ 80%] [32m[1mLinking C shared library rosidl_generator_py/agrorob_msgs/libagrorob_msgs__rosidl_generator_py.so[0m
[1.096s] [ 80%] Built target agrorob_msgs__rosidl_generator_py
[1.119s] [ 83%] [32mBuilding C object CMakeFiles/agrorob_msgs__rosidl_typesupport_c__pyext.dir/rosidl_generator_py/agrorob_msgs/_agrorob_msgs_s.ep.rosidl_typesupport_c.c.o[0m
[1.119s] [ 87%] [32mBuilding C object CMakeFiles/agrorob_msgs__rosidl_typesupport_fastrtps_c__pyext.dir/rosidl_generator_py/agrorob_msgs/_agrorob_msgs_s.ep.rosidl_typesupport_fastrtps_c.c.o[0m
[1.119s] [ 90%] [32mBuilding C object CMakeFiles/agrorob_msgs__rosidl_typesupport_introspection_c__pyext.dir/rosidl_generator_py/agrorob_msgs/_agrorob_msgs_s.ep.rosidl_typesupport_introspection_c.c.o[0m
[1.171s] [100%] [32m[1mLinking C shared library rosidl_generator_py/agrorob_msgs/agrorob_msgs_s__rosidl_typesupport_c.cpython-310-x86_64-linux-gnu.so[0m
[1.171s] [100%] [32m[1mLinking C shared library rosidl_generator_py/agrorob_msgs/agrorob_msgs_s__rosidl_typesupport_introspection_c.cpython-310-x86_64-linux-gnu.so[0m
[1.171s] [100%] [32m[1mLinking C shared library rosidl_generator_py/agrorob_msgs/agrorob_msgs_s__rosidl_typesupport_fastrtps_c.cpython-310-x86_64-linux-gnu.so[0m
[1.199s] [100%] Built target agrorob_msgs__rosidl_typesupport_c__pyext
[1.202s] [100%] Built target agrorob_msgs__rosidl_typesupport_introspection_c__pyext
[1.205s] [100%] Built target agrorob_msgs__rosidl_typesupport_fastrtps_c__pyext
[1.215s] Invoked command in '/home/iman/agriverse/IsaacROS/ros_msgs/build/agrorob_msgs' returned '0': CMAKE_PREFIX_PATH=/opt/ros/humble CONDA_PROMPT_MODIFIER=(env_isaaclab) /usr/bin/cmake --build /home/iman/agriverse/IsaacROS/ros_msgs/build/agrorob_msgs -- -j32 -l32
[1.226s] Invoking command in '/home/iman/agriverse/IsaacROS/ros_msgs/build/agrorob_msgs': CMAKE_PREFIX_PATH=/opt/ros/humble CONDA_PROMPT_MODIFIER=(env_isaaclab) /usr/bin/cmake --install /home/iman/agriverse/IsaacROS/ros_msgs/build/agrorob_msgs
[1.231s] -- Install configuration: ""
[1.231s] -- Installing: /home/iman/agriverse/IsaacROS/ros_msgs/install/agrorob_msgs/share/ament_index/resource_index/rosidl_interfaces/agrorob_msgs
[1.231s] -- Installing: /home/iman/agriverse/IsaacROS/ros_msgs/install/agrorob_msgs/include/agrorob_msgs/agrorob_msgs
[1.231s] -- Installing: /home/iman/agriverse/IsaacROS/ros_msgs/install/agrorob_msgs/include/agrorob_msgs/agrorob_msgs/msg
[1.231s] -- Installing: /home/iman/agriverse/IsaacROS/ros_msgs/install/agrorob_msgs/include/agrorob_msgs/agrorob_msgs/msg/detail
[1.231s] -- Installing: /home/iman/agriverse/IsaacROS/ros_msgs/install/agrorob_msgs/include/agrorob_msgs/agrorob_msgs/msg/detail/robot_state__functions.h
[1.231s] -- Installing: /home/iman/agriverse/IsaacROS/ros_msgs/install/agrorob_msgs/include/agrorob_msgs/agrorob_msgs/msg/detail/robot_state__functions.c
[1.231s] -- Installing: /home/iman/agriverse/IsaacROS/ros_msgs/install/agrorob_msgs/include/agrorob_msgs/agrorob_msgs/msg/detail/robot_state__type_support.h
[1.231s] -- Installing: /home/iman/agriverse/IsaacROS/ros_msgs/install/agrorob_msgs/include/agrorob_msgs/agrorob_msgs/msg/detail/robot_state__struct.h
[1.231s] -- Installing: /home/iman/agriverse/IsaacROS/ros_msgs/install/agrorob_msgs/include/agrorob_msgs/agrorob_msgs/msg/rosidl_generator_c__visibility_control.h
[1.231s] -- Installing: /home/iman/agriverse/IsaacROS/ros_msgs/install/agrorob_msgs/include/agrorob_msgs/agrorob_msgs/msg/robot_state.h
[1.231s] -- Installing: /home/iman/agriverse/IsaacROS/ros_msgs/install/agrorob_msgs/share/agrorob_msgs/environment/library_path.sh
[1.231s] -- Installing: /home/iman/agriverse/IsaacROS/ros_msgs/install/agrorob_msgs/share/agrorob_msgs/environment/library_path.dsv
[1.231s] -- Installing: /home/iman/agriverse/IsaacROS/ros_msgs/install/agrorob_msgs/lib/libagrorob_msgs__rosidl_generator_c.so
[1.231s] -- Set runtime path of "/home/iman/agriverse/IsaacROS/ros_msgs/install/agrorob_msgs/lib/libagrorob_msgs__rosidl_generator_c.so" to ""
[1.231s] -- Up-to-date: /home/iman/agriverse/IsaacROS/ros_msgs/install/agrorob_msgs/include/agrorob_msgs/agrorob_msgs
[1.232s] -- Up-to-date: /home/iman/agriverse/IsaacROS/ros_msgs/install/agrorob_msgs/include/agrorob_msgs/agrorob_msgs/msg
[1.232s] -- Up-to-date: /home/iman/agriverse/IsaacROS/ros_msgs/install/agrorob_msgs/include/agrorob_msgs/agrorob_msgs/msg/detail
[1.232s] -- Installing: /home/iman/agriverse/IsaacROS/ros_msgs/install/agrorob_msgs/include/agrorob_msgs/agrorob_msgs/msg/detail/robot_state__rosidl_typesupport_fastrtps_c.h
[1.232s] -- Installing: /home/iman/agriverse/IsaacROS/ros_msgs/install/agrorob_msgs/include/agrorob_msgs/agrorob_msgs/msg/rosidl_typesupport_fastrtps_c__visibility_control.h
[1.232s] -- Installing: /home/iman/agriverse/IsaacROS/ros_msgs/install/agrorob_msgs/lib/libagrorob_msgs__rosidl_typesupport_fastrtps_c.so
[1.232s] -- Set runtime path of "/home/iman/agriverse/IsaacROS/ros_msgs/install/agrorob_msgs/lib/libagrorob_msgs__rosidl_typesupport_fastrtps_c.so" to ""
[1.232s] -- Up-to-date: /home/iman/agriverse/IsaacROS/ros_msgs/install/agrorob_msgs/include/agrorob_msgs/agrorob_msgs
[1.232s] -- Up-to-date: /home/iman/agriverse/IsaacROS/ros_msgs/install/agrorob_msgs/include/agrorob_msgs/agrorob_msgs/msg
[1.232s] -- Up-to-date: /home/iman/agriverse/IsaacROS/ros_msgs/install/agrorob_msgs/include/agrorob_msgs/agrorob_msgs/msg/detail
[1.232s] -- Installing: /home/iman/agriverse/IsaacROS/ros_msgs/install/agrorob_msgs/include/agrorob_msgs/agrorob_msgs/msg/detail/robot_state__traits.hpp
[1.232s] -- Installing: /home/iman/agriverse/IsaacROS/ros_msgs/install/agrorob_msgs/include/agrorob_msgs/agrorob_msgs/msg/detail/robot_state__type_support.hpp
[1.232s] -- Installing: /home/iman/agriverse/IsaacROS/ros_msgs/install/agrorob_msgs/include/agrorob_msgs/agrorob_msgs/msg/detail/robot_state__struct.hpp
[1.232s] -- Installing: /home/iman/agriverse/IsaacROS/ros_msgs/install/agrorob_msgs/include/agrorob_msgs/agrorob_msgs/msg/detail/robot_state__builder.hpp
[1.232s] -- Installing: /home/iman/agriverse/IsaacROS/ros_msgs/install/agrorob_msgs/include/agrorob_msgs/agrorob_msgs/msg/robot_state.hpp
[1.232s] -- Installing: /home/iman/agriverse/IsaacROS/ros_msgs/install/agrorob_msgs/include/agrorob_msgs/agrorob_msgs/msg/rosidl_generator_cpp__visibility_control.hpp
[1.232s] -- Up-to-date: /home/iman/agriverse/IsaacROS/ros_msgs/install/agrorob_msgs/include/agrorob_msgs/agrorob_msgs
[1.232s] -- Up-to-date: /home/iman/agriverse/IsaacROS/ros_msgs/install/agrorob_msgs/include/agrorob_msgs/agrorob_msgs/msg
[1.232s] -- Up-to-date: /home/iman/agriverse/IsaacROS/ros_msgs/install/agrorob_msgs/include/agrorob_msgs/agrorob_msgs/msg/detail
[1.232s] -- Installing: /home/iman/agriverse/IsaacROS/ros_msgs/install/agrorob_msgs/include/agrorob_msgs/agrorob_msgs/msg/detail/dds_fastrtps
[1.232s] -- Installing: /home/iman/agriverse/IsaacROS/ros_msgs/install/agrorob_msgs/include/agrorob_msgs/agrorob_msgs/msg/detail/robot_state__rosidl_typesupport_fastrtps_cpp.hpp
[1.232s] -- Installing: /home/iman/agriverse/IsaacROS/ros_msgs/install/agrorob_msgs/include/agrorob_msgs/agrorob_msgs/msg/rosidl_typesupport_fastrtps_cpp__visibility_control.h
[1.232s] -- Installing: /home/iman/agriverse/IsaacROS/ros_msgs/install/agrorob_msgs/lib/libagrorob_msgs__rosidl_typesupport_fastrtps_cpp.so
[1.232s] -- Set runtime path of "/home/iman/agriverse/IsaacROS/ros_msgs/install/agrorob_msgs/lib/libagrorob_msgs__rosidl_typesupport_fastrtps_cpp.so" to ""
[1.233s] -- Up-to-date: /home/iman/agriverse/IsaacROS/ros_msgs/install/agrorob_msgs/include/agrorob_msgs/agrorob_msgs
[1.233s] -- Up-to-date: /home/iman/agriverse/IsaacROS/ros_msgs/install/agrorob_msgs/include/agrorob_msgs/agrorob_msgs/msg
[1.233s] -- Up-to-date: /home/iman/agriverse/IsaacROS/ros_msgs/install/agrorob_msgs/include/agrorob_msgs/agrorob_msgs/msg/detail
[1.233s] -- Installing: /home/iman/agriverse/IsaacROS/ros_msgs/install/agrorob_msgs/include/agrorob_msgs/agrorob_msgs/msg/detail/robot_state__rosidl_typesupport_introspection_c.h
[1.233s] -- Installing: /home/iman/agriverse/IsaacROS/ros_msgs/install/agrorob_msgs/include/agrorob_msgs/agrorob_msgs/msg/detail/robot_state__type_support.c
[1.233s] -- Installing: /home/iman/agriverse/IsaacROS/ros_msgs/install/agrorob_msgs/include/agrorob_msgs/agrorob_msgs/msg/rosidl_typesupport_introspection_c__visibility_control.h
[1.233s] -- Installing: /home/iman/agriverse/IsaacROS/ros_msgs/install/agrorob_msgs/lib/libagrorob_msgs__rosidl_typesupport_introspection_c.so
[1.233s] -- Set runtime path of "/home/iman/agriverse/IsaacROS/ros_msgs/install/agrorob_msgs/lib/libagrorob_msgs__rosidl_typesupport_introspection_c.so" to ""
[1.233s] -- Installing: /home/iman/agriverse/IsaacROS/ros_msgs/install/agrorob_msgs/lib/libagrorob_msgs__rosidl_typesupport_c.so
[1.233s] -- Set runtime path of "/home/iman/agriverse/IsaacROS/ros_msgs/install/agrorob_msgs/lib/libagrorob_msgs__rosidl_typesupport_c.so" to ""
[1.233s] -- Up-to-date: /home/iman/agriverse/IsaacROS/ros_msgs/install/agrorob_msgs/include/agrorob_msgs/agrorob_msgs
[1.233s] -- Up-to-date: /home/iman/agriverse/IsaacROS/ros_msgs/install/agrorob_msgs/include/agrorob_msgs/agrorob_msgs/msg
[1.233s] -- Up-to-date: /home/iman/agriverse/IsaacROS/ros_msgs/install/agrorob_msgs/include/agrorob_msgs/agrorob_msgs/msg/detail
[1.233s] -- Installing: /home/iman/agriverse/IsaacROS/ros_msgs/install/agrorob_msgs/include/agrorob_msgs/agrorob_msgs/msg/detail/robot_state__type_support.cpp
[1.233s] -- Installing: /home/iman/agriverse/IsaacROS/ros_msgs/install/agrorob_msgs/include/agrorob_msgs/agrorob_msgs/msg/detail/robot_state__rosidl_typesupport_introspection_cpp.hpp
[1.233s] -- Installing: /home/iman/agriverse/IsaacROS/ros_msgs/install/agrorob_msgs/lib/libagrorob_msgs__rosidl_typesupport_introspection_cpp.so
[1.233s] -- Set runtime path of "/home/iman/agriverse/IsaacROS/ros_msgs/install/agrorob_msgs/lib/libagrorob_msgs__rosidl_typesupport_introspection_cpp.so" to ""
[1.233s] -- Installing: /home/iman/agriverse/IsaacROS/ros_msgs/install/agrorob_msgs/lib/libagrorob_msgs__rosidl_typesupport_cpp.so
[1.233s] -- Set runtime path of "/home/iman/agriverse/IsaacROS/ros_msgs/install/agrorob_msgs/lib/libagrorob_msgs__rosidl_typesupport_cpp.so" to ""
[1.233s] -- Installing: /home/iman/agriverse/IsaacROS/ros_msgs/install/agrorob_msgs/share/agrorob_msgs/environment/pythonpath.sh
[1.233s] -- Installing: /home/iman/agriverse/IsaacROS/ros_msgs/install/agrorob_msgs/share/agrorob_msgs/environment/pythonpath.dsv
[1.233s] -- Installing: /home/iman/agriverse/IsaacROS/ros_msgs/install/agrorob_msgs/lib/python3.10/site-packages/agrorob_msgs-0.0.0-py3.10.egg-info
[1.233s] -- Installing: /home/iman/agriverse/IsaacROS/ros_msgs/install/agrorob_msgs/lib/python3.10/site-packages/agrorob_msgs-0.0.0-py3.10.egg-info/PKG-INFO
[1.233s] -- Installing: /home/iman/agriverse/IsaacROS/ros_msgs/install/agrorob_msgs/lib/python3.10/site-packages/agrorob_msgs-0.0.0-py3.10.egg-info/dependency_links.txt
[1.233s] -- Installing: /home/iman/agriverse/IsaacROS/ros_msgs/install/agrorob_msgs/lib/python3.10/site-packages/agrorob_msgs-0.0.0-py3.10.egg-info/top_level.txt
[1.233s] -- Installing: /home/iman/agriverse/IsaacROS/ros_msgs/install/agrorob_msgs/lib/python3.10/site-packages/agrorob_msgs-0.0.0-py3.10.egg-info/SOURCES.txt
[1.233s] -- Installing: /home/iman/agriverse/IsaacROS/ros_msgs/install/agrorob_msgs/lib/python3.10/site-packages/agrorob_msgs
[1.233s] -- Installing: /home/iman/agriverse/IsaacROS/ros_msgs/install/agrorob_msgs/lib/python3.10/site-packages/agrorob_msgs/_agrorob_msgs_s.ep.rosidl_typesupport_introspection_c.c
[1.233s] -- Installing: /home/iman/agriverse/IsaacROS/ros_msgs/install/agrorob_msgs/lib/python3.10/site-packages/agrorob_msgs/agrorob_msgs_s__rosidl_typesupport_introspection_c.cpython-310-x86_64-linux-gnu.so
[1.233s] -- Installing: /home/iman/agriverse/IsaacROS/ros_msgs/install/agrorob_msgs/lib/python3.10/site-packages/agrorob_msgs/libagrorob_msgs__rosidl_generator_py.so
[1.233s] -- Installing: /home/iman/agriverse/IsaacROS/ros_msgs/install/agrorob_msgs/lib/python3.10/site-packages/agrorob_msgs/_agrorob_msgs_s.ep.rosidl_typesupport_fastrtps_c.c
[1.233s] -- Installing: /home/iman/agriverse/IsaacROS/ros_msgs/install/agrorob_msgs/lib/python3.10/site-packages/agrorob_msgs/msg
[1.233s] -- Installing: /home/iman/agriverse/IsaacROS/ros_msgs/install/agrorob_msgs/lib/python3.10/site-packages/agrorob_msgs/msg/_robot_state.py
[1.233s] -- Installing: /home/iman/agriverse/IsaacROS/ros_msgs/install/agrorob_msgs/lib/python3.10/site-packages/agrorob_msgs/msg/_robot_state_s.c
[1.233s] -- Installing: /home/iman/agriverse/IsaacROS/ros_msgs/install/agrorob_msgs/lib/python3.10/site-packages/agrorob_msgs/msg/__init__.py
[1.233s] -- Installing: /home/iman/agriverse/IsaacROS/ros_msgs/install/agrorob_msgs/lib/python3.10/site-packages/agrorob_msgs/_agrorob_msgs_s.ep.rosidl_typesupport_c.c
[1.233s] -- Installing: /home/iman/agriverse/IsaacROS/ros_msgs/install/agrorob_msgs/lib/python3.10/site-packages/agrorob_msgs/agrorob_msgs_s__rosidl_typesupport_fastrtps_c.cpython-310-x86_64-linux-gnu.so
[1.233s] -- Installing: /home/iman/agriverse/IsaacROS/ros_msgs/install/agrorob_msgs/lib/python3.10/site-packages/agrorob_msgs/agrorob_msgs_s__rosidl_typesupport_c.cpython-310-x86_64-linux-gnu.so
[1.233s] -- Installing: /home/iman/agriverse/IsaacROS/ros_msgs/install/agrorob_msgs/lib/python3.10/site-packages/agrorob_msgs/__init__.py
[1.252s] Listing '/home/iman/agriverse/IsaacROS/ros_msgs/install/agrorob_msgs/lib/python3.10/site-packages/agrorob_msgs'...
[1.252s] Compiling '/home/iman/agriverse/IsaacROS/ros_msgs/install/agrorob_msgs/lib/python3.10/site-packages/agrorob_msgs/__init__.py'...
[1.252s] Listing '/home/iman/agriverse/IsaacROS/ros_msgs/install/agrorob_msgs/lib/python3.10/site-packages/agrorob_msgs/msg'...
[1.252s] Compiling '/home/iman/agriverse/IsaacROS/ros_msgs/install/agrorob_msgs/lib/python3.10/site-packages/agrorob_msgs/msg/__init__.py'...
[1.252s] Compiling '/home/iman/agriverse/IsaacROS/ros_msgs/install/agrorob_msgs/lib/python3.10/site-packages/agrorob_msgs/msg/_robot_state.py'...
[1.255s] -- Installing: /home/iman/agriverse/IsaacROS/ros_msgs/install/agrorob_msgs/lib/python3.10/site-packages/agrorob_msgs/agrorob_msgs_s__rosidl_typesupport_fastrtps_c.cpython-310-x86_64-linux-gnu.so
[1.255s] -- Set runtime path of "/home/iman/agriverse/IsaacROS/ros_msgs/install/agrorob_msgs/lib/python3.10/site-packages/agrorob_msgs/agrorob_msgs_s__rosidl_typesupport_fastrtps_c.cpython-310-x86_64-linux-gnu.so" to ""
[1.255s] -- Installing: /home/iman/agriverse/IsaacROS/ros_msgs/install/agrorob_msgs/lib/python3.10/site-packages/agrorob_msgs/agrorob_msgs_s__rosidl_typesupport_introspection_c.cpython-310-x86_64-linux-gnu.so
[1.255s] -- Set runtime path of "/home/iman/agriverse/IsaacROS/ros_msgs/install/agrorob_msgs/lib/python3.10/site-packages/agrorob_msgs/agrorob_msgs_s__rosidl_typesupport_introspection_c.cpython-310-x86_64-linux-gnu.so" to ""
[1.255s] -- Installing: /home/iman/agriverse/IsaacROS/ros_msgs/install/agrorob_msgs/lib/python3.10/site-packages/agrorob_msgs/agrorob_msgs_s__rosidl_typesupport_c.cpython-310-x86_64-linux-gnu.so
[1.255s] -- Set runtime path of "/home/iman/agriverse/IsaacROS/ros_msgs/install/agrorob_msgs/lib/python3.10/site-packages/agrorob_msgs/agrorob_msgs_s__rosidl_typesupport_c.cpython-310-x86_64-linux-gnu.so" to ""
[1.255s] -- Installing: /home/iman/agriverse/IsaacROS/ros_msgs/install/agrorob_msgs/lib/libagrorob_msgs__rosidl_generator_py.so
[1.255s] -- Set runtime path of "/home/iman/agriverse/IsaacROS/ros_msgs/install/agrorob_msgs/lib/libagrorob_msgs__rosidl_generator_py.so" to ""
[1.255s] -- Installing: /home/iman/agriverse/IsaacROS/ros_msgs/install/agrorob_msgs/share/agrorob_msgs/msg/RobotState.idl
[1.255s] -- Installing: /home/iman/agriverse/IsaacROS/ros_msgs/install/agrorob_msgs/share/agrorob_msgs/msg/RobotState.msg
[1.255s] -- Installing: /home/iman/agriverse/IsaacROS/ros_msgs/install/agrorob_msgs/share/ament_index/resource_index/package_run_dependencies/agrorob_msgs
[1.255s] -- Installing: /home/iman/agriverse/IsaacROS/ros_msgs/install/agrorob_msgs/share/ament_index/resource_index/parent_prefix_path/agrorob_msgs
[1.255s] -- Installing: /home/iman/agriverse/IsaacROS/ros_msgs/install/agrorob_msgs/share/agrorob_msgs/environment/ament_prefix_path.sh
[1.255s] -- Installing: /home/iman/agriverse/IsaacROS/ros_msgs/install/agrorob_msgs/share/agrorob_msgs/environment/ament_prefix_path.dsv
[1.255s] -- Installing: /home/iman/agriverse/IsaacROS/ros_msgs/install/agrorob_msgs/share/agrorob_msgs/environment/path.sh
[1.255s] -- Installing: /home/iman/agriverse/IsaacROS/ros_msgs/install/agrorob_msgs/share/agrorob_msgs/environment/path.dsv
[1.255s] -- Installing: /home/iman/agriverse/IsaacROS/ros_msgs/install/agrorob_msgs/share/agrorob_msgs/local_setup.bash
[1.255s] -- Installing: /home/iman/agriverse/IsaacROS/ros_msgs/install/agrorob_msgs/share/agrorob_msgs/local_setup.sh
[1.255s] -- Installing: /home/iman/agriverse/IsaacROS/ros_msgs/install/agrorob_msgs/share/agrorob_msgs/local_setup.zsh
[1.255s] -- Installing: /home/iman/agriverse/IsaacROS/ros_msgs/install/agrorob_msgs/share/agrorob_msgs/local_setup.dsv
[1.255s] -- Up-to-date: /home/iman/agriverse/IsaacROS/ros_msgs/install/agrorob_msgs/share/agrorob_msgs/package.dsv
[1.255s] -- Installing: /home/iman/agriverse/IsaacROS/ros_msgs/install/agrorob_msgs/share/ament_index/resource_index/packages/agrorob_msgs
[1.256s] -- Installing: /home/iman/agriverse/IsaacROS/ros_msgs/install/agrorob_msgs/share/agrorob_msgs/cmake/export_agrorob_msgs__rosidl_generator_cExport.cmake
[1.256s] -- Installing: /home/iman/agriverse/IsaacROS/ros_msgs/install/agrorob_msgs/share/agrorob_msgs/cmake/export_agrorob_msgs__rosidl_generator_cExport-noconfig.cmake
[1.256s] -- Installing: /home/iman/agriverse/IsaacROS/ros_msgs/install/agrorob_msgs/share/agrorob_msgs/cmake/export_agrorob_msgs__rosidl_typesupport_fastrtps_cExport.cmake
[1.256s] -- Installing: /home/iman/agriverse/IsaacROS/ros_msgs/install/agrorob_msgs/share/agrorob_msgs/cmake/export_agrorob_msgs__rosidl_typesupport_fastrtps_cExport-noconfig.cmake
[1.256s] -- Installing: /home/iman/agriverse/IsaacROS/ros_msgs/install/agrorob_msgs/share/agrorob_msgs/cmake/export_agrorob_msgs__rosidl_generator_cppExport.cmake
[1.256s] -- Installing: /home/iman/agriverse/IsaacROS/ros_msgs/install/agrorob_msgs/share/agrorob_msgs/cmake/export_agrorob_msgs__rosidl_typesupport_fastrtps_cppExport.cmake
[1.256s] -- Installing: /home/iman/agriverse/IsaacROS/ros_msgs/install/agrorob_msgs/share/agrorob_msgs/cmake/export_agrorob_msgs__rosidl_typesupport_fastrtps_cppExport-noconfig.cmake
[1.256s] -- Installing: /home/iman/agriverse/IsaacROS/ros_msgs/install/agrorob_msgs/share/agrorob_msgs/cmake/agrorob_msgs__rosidl_typesupport_introspection_cExport.cmake
[1.256s] -- Installing: /home/iman/agriverse/IsaacROS/ros_msgs/install/agrorob_msgs/share/agrorob_msgs/cmake/agrorob_msgs__rosidl_typesupport_introspection_cExport-noconfig.cmake
[1.256s] -- Installing: /home/iman/agriverse/IsaacROS/ros_msgs/install/agrorob_msgs/share/agrorob_msgs/cmake/agrorob_msgs__rosidl_typesupport_cExport.cmake
[1.256s] -- Installing: /home/iman/agriverse/IsaacROS/ros_msgs/install/agrorob_msgs/share/agrorob_msgs/cmake/agrorob_msgs__rosidl_typesupport_cExport-noconfig.cmake
[1.256s] -- Installing: /home/iman/agriverse/IsaacROS/ros_msgs/install/agrorob_msgs/share/agrorob_msgs/cmake/agrorob_msgs__rosidl_typesupport_introspection_cppExport.cmake
[1.256s] -- Installing: /home/iman/agriverse/IsaacROS/ros_msgs/install/agrorob_msgs/share/agrorob_msgs/cmake/agrorob_msgs__rosidl_typesupport_introspection_cppExport-noconfig.cmake
[1.256s] -- Installing: /home/iman/agriverse/IsaacROS/ros_msgs/install/agrorob_msgs/share/agrorob_msgs/cmake/agrorob_msgs__rosidl_typesupport_cppExport.cmake
[1.256s] -- Installing: /home/iman/agriverse/IsaacROS/ros_msgs/install/agrorob_msgs/share/agrorob_msgs/cmake/agrorob_msgs__rosidl_typesupport_cppExport-noconfig.cmake
[1.256s] -- Installing: /home/iman/agriverse/IsaacROS/ros_msgs/install/agrorob_msgs/share/agrorob_msgs/cmake/export_agrorob_msgs__rosidl_generator_pyExport.cmake
[1.256s] -- Installing: /home/iman/agriverse/IsaacROS/ros_msgs/install/agrorob_msgs/share/agrorob_msgs/cmake/export_agrorob_msgs__rosidl_generator_pyExport-noconfig.cmake
[1.256s] -- Installing: /home/iman/agriverse/IsaacROS/ros_msgs/install/agrorob_msgs/share/agrorob_msgs/cmake/rosidl_cmake-extras.cmake
[1.256s] -- Installing: /home/iman/agriverse/IsaacROS/ros_msgs/install/agrorob_msgs/share/agrorob_msgs/cmake/ament_cmake_export_dependencies-extras.cmake
[1.256s] -- Installing: /home/iman/agriverse/IsaacROS/ros_msgs/install/agrorob_msgs/share/agrorob_msgs/cmake/ament_cmake_export_include_directories-extras.cmake
[1.256s] -- Installing: /home/iman/agriverse/IsaacROS/ros_msgs/install/agrorob_msgs/share/agrorob_msgs/cmake/ament_cmake_export_libraries-extras.cmake
[1.256s] -- Installing: /home/iman/agriverse/IsaacROS/ros_msgs/install/agrorob_msgs/share/agrorob_msgs/cmake/ament_cmake_export_targets-extras.cmake
[1.256s] -- Installing: /home/iman/agriverse/IsaacROS/ros_msgs/install/agrorob_msgs/share/agrorob_msgs/cmake/rosidl_cmake_export_typesupport_targets-extras.cmake
[1.256s] -- Installing: /home/iman/agriverse/IsaacROS/ros_msgs/install/agrorob_msgs/share/agrorob_msgs/cmake/rosidl_cmake_export_typesupport_libraries-extras.cmake
[1.257s] -- Installing: /home/iman/agriverse/IsaacROS/ros_msgs/install/agrorob_msgs/share/agrorob_msgs/cmake/agrorob_msgsConfig.cmake
[1.257s] -- Installing: /home/iman/agriverse/IsaacROS/ros_msgs/install/agrorob_msgs/share/agrorob_msgs/cmake/agrorob_msgsConfig-version.cmake
[1.257s] -- Installing: /home/iman/agriverse/IsaacROS/ros_msgs/install/agrorob_msgs/share/agrorob_msgs/package.xml
[1.258s] Invoked command in '/home/iman/agriverse/IsaacROS/ros_msgs/build/agrorob_msgs' returned '0': CMAKE_PREFIX_PATH=/opt/ros/humble CONDA_PROMPT_MODIFIER=(env_isaaclab) /usr/bin/cmake --install /home/iman/agriverse/IsaacROS/ros_msgs/build/agrorob_msgs
