[0.005s] Invoking command in '/home/iman/agriverse/IsaacROS/ros_msgs/build/agrorob_msgs': CMAKE_PREFIX_PATH=/opt/ros/humble CONDA_PROMPT_MODIFIER=(env_isaaclab) /usr/bin/cmake /home/iman/agriverse/IsaacROS/ros_msgs/src/agrorob_msgs -DCMAKE_INSTALL_PREFIX=/home/iman/agriverse/IsaacROS/ros_msgs/install/agrorob_msgs
[0.047s] -- The C compiler identification is GNU 12.1.0
[0.101s] -- The CXX compiler identification is GNU 11.4.0
[0.105s] -- Detecting C compiler ABI info
[0.153s] -- Detecting C compiler ABI info - done
[0.156s] -- Check for working C compiler: /home/iman/miniconda3/envs/env_isaaclab/bin/cc - skipped
[0.156s] -- Detecting C compile features
[0.157s] -- Detecting C compile features - done
[0.158s] -- Detecting CXX compiler ABI info
[0.208s] -- Detecting CXX compiler ABI info - done
[0.213s] -- Check for working CXX compiler: /usr/bin/c++ - skipped
[0.213s] -- Detecting CXX compile features
[0.213s] -- Detecting CXX compile features - done
[0.214s] -- Found ament_cmake: 1.3.12 (/opt/ros/humble/share/ament_cmake/cmake)
[0.417s] -- Found Python3: /home/iman/miniconda3/envs/env_isaaclab/bin/python3 (found version "3.10.18") found components: Interpreter 
[0.455s] -- Found std_msgs: 4.9.0 (/opt/ros/humble/share/std_msgs/cmake)
[0.468s] -- Found rosidl_generator_c: 3.1.7 (/opt/ros/humble/share/rosidl_generator_c/cmake)
[0.470s] -- Found rosidl_adapter: 3.1.7 (/opt/ros/humble/share/rosidl_adapter/cmake)
[0.475s] -- Found rosidl_generator_cpp: 3.1.7 (/opt/ros/humble/share/rosidl_generator_cpp/cmake)
[0.480s] -- Using all available rosidl_typesupport_c: rosidl_typesupport_fastrtps_c;rosidl_typesupport_introspection_c
[0.487s] -- Using all available rosidl_typesupport_cpp: rosidl_typesupport_fastrtps_cpp;rosidl_typesupport_introspection_cpp
[0.498s] -- Found rosidl_default_generators: 1.2.0 (/opt/ros/humble/share/rosidl_default_generators/cmake)
[0.597s] Traceback (most recent call last):
[0.597s]   File "/opt/ros/humble/share/ament_cmake_core/cmake/core/package_xml_2_cmake.py", line 22, in <module>
[0.597s]     from catkin_pkg.package import parse_package_string
[0.597s] ModuleNotFoundError: No module named 'catkin_pkg'
[0.599s] -- Configuring incomplete, errors occurred!
[0.599s] See also "/home/iman/agriverse/IsaacROS/ros_msgs/build/agrorob_msgs/CMakeFiles/CMakeOutput.log".
[0.599s] [31mCMake Error at /opt/ros/humble/share/ament_cmake_core/cmake/core/ament_package_xml.cmake:95 (message):
[0.599s]   execute_process(/home/iman/miniconda3/envs/env_isaaclab/bin/python3
[0.599s]   /opt/ros/humble/share/ament_cmake_core/cmake/core/package_xml_2_cmake.py
[0.599s]   /home/iman/agriverse/IsaacROS/ros_msgs/src/agrorob_msgs/package.xml
[0.599s]   /home/iman/agriverse/IsaacROS/ros_msgs/build/agrorob_msgs/ament_cmake_core/package.cmake)
[0.599s]   returned error code 1
[0.599s] Call Stack (most recent call first):
[0.599s]   /opt/ros/humble/share/ament_cmake_core/cmake/core/ament_package_xml.cmake:49 (_ament_package_xml)
[0.599s]   /opt/ros/humble/share/rosidl_cmake/cmake/rosidl_generate_interfaces.cmake:226 (ament_package_xml)
[0.599s]   CMakeLists.txt:19 (rosidl_generate_interfaces)
[0.599s] 
[0.599s] [0m
[0.603s] Invoked command in '/home/iman/agriverse/IsaacROS/ros_msgs/build/agrorob_msgs' returned '1': CMAKE_PREFIX_PATH=/opt/ros/humble CONDA_PROMPT_MODIFIER=(env_isaaclab) /usr/bin/cmake /home/iman/agriverse/IsaacROS/ros_msgs/src/agrorob_msgs -DCMAKE_INSTALL_PREFIX=/home/iman/agriverse/IsaacROS/ros_msgs/install/agrorob_msgs
